2020-05-31 16:54:01,969 [main] INFO  [com.sqq.eureka.SqqEurekaApplicationTests] SpringApplication.java:651 - No active profile set, falling back to default profiles: default
2020-05-31 16:54:02,848 [main] WARN  [o.springframework.boot.actuate.endpoint.EndpointId] EndpointId.java:155 - Endpoint ID 'service-registry' contains invalid characters, please migrate to a valid format.
2020-05-31 16:54:03,019 [main] INFO  [o.springframework.cloud.context.scope.GenericScope] GenericScope.java:295 - BeanFactory id=a987efab-3868-3d47-8c9a-e90079a4d352
2020-05-31 16:54:03,493 [main] WARN  [com.netflix.config.sources.URLConfigurationSource] URLConfigurationSource.java:121 - No URLs will be polled as dynamic configuration sources.
2020-05-31 16:54:03,493 [main] INFO  [com.netflix.config.sources.URLConfigurationSource] URLConfigurationSource.java:122 - To enable URLs as dynamic configuration sources, define System property archaius.configurationSource.additionalUrls or make config.properties available on classpath.
2020-05-31 16:54:03,499 [main] WARN  [com.netflix.config.sources.URLConfigurationSource] URLConfigurationSource.java:121 - No URLs will be polled as dynamic configuration sources.
2020-05-31 16:54:03,500 [main] INFO  [com.netflix.config.sources.URLConfigurationSource] URLConfigurationSource.java:122 - To enable URLs as dynamic configuration sources, define System property archaius.configurationSource.additionalUrls or make config.properties available on classpath.
2020-05-31 16:54:04,081 [main] INFO  [o.s.scheduling.concurrent.ThreadPoolTaskExecutor] ExecutorConfigurationSupport.java:181 - Initializing ExecutorService 'applicationTaskExecutor'
2020-05-31 16:54:05,144 [main] WARN  [o.s.c.l.c.BlockingLoadBalancerClientAutoConfiguration$BlockingLoadBalancerClientRibbonWarnLogger] BlockingLoadBalancerClientAutoConfiguration.java:86 - You already have RibbonLoadBalancerClient on your classpath. It will be used by default. As Spring Cloud Ribbon is in maintenance mode. We recommend switching to BlockingLoadBalancerClient instead. In order to use it, set the value of `spring.cloud.loadbalancer.ribbon.enabled` to `false` or remove spring-cloud-starter-netflix-ribbon from your project.
2020-05-31 16:54:05,357 [main] INFO  [o.s.cloud.netflix.eureka.InstanceInfoFactory] InstanceInfoFactory.java:72 - Setting initial instance status as: STARTING
2020-05-31 16:54:05,405 [main] INFO  [com.netflix.discovery.DiscoveryClient] DiscoveryClient.java:368 - Initializing Eureka in region us-east-1
2020-05-31 16:54:05,406 [main] INFO  [com.netflix.discovery.DiscoveryClient] DiscoveryClient.java:371 - Client configured to neither register nor query for data.
2020-05-31 16:54:05,426 [main] INFO  [com.netflix.discovery.DiscoveryClient] DiscoveryClient.java:384 - Discovery Client initialized at timestamp 1590915245423 with initial instances count: 0
2020-05-31 16:54:05,485 [main] INFO  [com.netflix.eureka.DefaultEurekaServerContext] DefaultEurekaServerContext.java:66 - Initializing ...
2020-05-31 16:54:05,487 [main] WARN  [com.netflix.eureka.cluster.PeerEurekaNodes] PeerEurekaNodes.java:155 - The replica size seems to be empty. Check the route 53 DNS Registry
2020-05-31 16:54:05,552 [main] INFO  [c.netflix.eureka.registry.AbstractInstanceRegistry] AbstractInstanceRegistry.java:153 - Finished initializing remote region registries. All known remote regions: []
2020-05-31 16:54:05,554 [main] INFO  [com.netflix.eureka.DefaultEurekaServerContext] DefaultEurekaServerContext.java:73 - Initialized
2020-05-31 16:54:05,768 [main] INFO  [o.s.b.actuate.endpoint.web.EndpointLinksResolver] EndpointLinksResolver.java:58 - Exposing 2 endpoint(s) beneath base path '/actuator'
2020-05-31 16:54:05,811 [main] INFO  [o.s.c.n.e.serviceregistry.EurekaServiceRegistry] EurekaServiceRegistry.java:41 - Registering application SQQ-EUREKA-SERVER with eureka with status UP
2020-05-31 16:54:05,818 [Thread-380] INFO  [o.s.c.netflix.eureka.server.EurekaServerBootstrap] EurekaServerBootstrap.java:110 - Setting the eureka configuration..
2020-05-31 16:54:05,819 [Thread-380] INFO  [o.s.c.netflix.eureka.server.EurekaServerBootstrap] EurekaServerBootstrap.java:115 - Eureka data center value eureka.datacenter is not set, defaulting to default
2020-05-31 16:54:05,820 [Thread-380] INFO  [o.s.c.netflix.eureka.server.EurekaServerBootstrap] EurekaServerBootstrap.java:129 - Eureka environment value eureka.environment is not set, defaulting to test
2020-05-31 16:54:05,826 [main] INFO  [com.sqq.eureka.SqqEurekaApplicationTests] StartupInfoLogger.java:61 - Started SqqEurekaApplicationTests in 4.912 seconds (JVM running for 6.046)
2020-05-31 16:54:05,837 [Thread-380] INFO  [o.s.c.netflix.eureka.server.EurekaServerBootstrap] EurekaServerBootstrap.java:188 - isAws returned false
2020-05-31 16:54:05,838 [Thread-380] INFO  [o.s.c.netflix.eureka.server.EurekaServerBootstrap] EurekaServerBootstrap.java:153 - Initialized server context
2020-05-31 16:54:05,838 [Thread-380] INFO  [c.n.eureka.registry.PeerAwareInstanceRegistryImpl] PeerAwareInstanceRegistryImpl.java:242 - Got 1 instances from neighboring DS node
2020-05-31 16:54:05,838 [Thread-380] INFO  [c.n.eureka.registry.PeerAwareInstanceRegistryImpl] PeerAwareInstanceRegistryImpl.java:243 - Renew threshold is: 1
2020-05-31 16:54:05,838 [Thread-380] INFO  [c.n.eureka.registry.PeerAwareInstanceRegistryImpl] PeerAwareInstanceRegistryImpl.java:254 - Changing status to UP
2020-05-31 16:54:05,849 [Thread-380] INFO  [o.s.c.n.e.s.EurekaServerInitializerConfiguration] EurekaServerInitializerConfiguration.java:72 - Started Eureka Server
2020-05-31 16:54:06,157 [SpringContextShutdownHook] INFO  [o.s.c.n.e.serviceregistry.EurekaServiceRegistry] EurekaServiceRegistry.java:65 - Unregistering application SQQ-EUREKA-SERVER with eureka with status DOWN
2020-05-31 16:54:06,160 [SpringContextShutdownHook] INFO  [com.netflix.eureka.DefaultEurekaServerContext] DefaultEurekaServerContext.java:79 - Shutting down ...
2020-05-31 16:54:06,174 [SpringContextShutdownHook] INFO  [com.netflix.eureka.DefaultEurekaServerContext] DefaultEurekaServerContext.java:84 - Shut down
2020-05-31 16:54:06,178 [SpringContextShutdownHook] INFO  [o.s.scheduling.concurrent.ThreadPoolTaskExecutor] ExecutorConfigurationSupport.java:218 - Shutting down ExecutorService 'applicationTaskExecutor'
2020-05-31 16:54:06,181 [SpringContextShutdownHook] INFO  [com.netflix.discovery.DiscoveryClient] DiscoveryClient.java:909 - Shutting down DiscoveryClient ...
2020-05-31 16:54:06,182 [SpringContextShutdownHook] INFO  [com.netflix.discovery.DiscoveryClient] DiscoveryClient.java:934 - Completed shut down of DiscoveryClient
2020-05-31 16:55:16,220 [main] INFO  [com.sqq.eureka.SqqEurekaApplicationTests] SpringApplication.java:651 - No active profile set, falling back to default profiles: default
2020-05-31 16:55:16,953 [main] WARN  [o.springframework.boot.actuate.endpoint.EndpointId] EndpointId.java:155 - Endpoint ID 'service-registry' contains invalid characters, please migrate to a valid format.
2020-05-31 16:55:17,116 [main] INFO  [o.springframework.cloud.context.scope.GenericScope] GenericScope.java:295 - BeanFactory id=a987efab-3868-3d47-8c9a-e90079a4d352
2020-05-31 16:55:17,526 [main] WARN  [com.netflix.config.sources.URLConfigurationSource] URLConfigurationSource.java:121 - No URLs will be polled as dynamic configuration sources.
2020-05-31 16:55:17,527 [main] INFO  [com.netflix.config.sources.URLConfigurationSource] URLConfigurationSource.java:122 - To enable URLs as dynamic configuration sources, define System property archaius.configurationSource.additionalUrls or make config.properties available on classpath.
2020-05-31 16:55:17,533 [main] WARN  [com.netflix.config.sources.URLConfigurationSource] URLConfigurationSource.java:121 - No URLs will be polled as dynamic configuration sources.
2020-05-31 16:55:17,533 [main] INFO  [com.netflix.config.sources.URLConfigurationSource] URLConfigurationSource.java:122 - To enable URLs as dynamic configuration sources, define System property archaius.configurationSource.additionalUrls or make config.properties available on classpath.
2020-05-31 16:55:18,043 [main] INFO  [o.s.scheduling.concurrent.ThreadPoolTaskExecutor] ExecutorConfigurationSupport.java:181 - Initializing ExecutorService 'applicationTaskExecutor'
2020-05-31 16:55:19,097 [main] WARN  [o.s.c.l.c.BlockingLoadBalancerClientAutoConfiguration$BlockingLoadBalancerClientRibbonWarnLogger] BlockingLoadBalancerClientAutoConfiguration.java:86 - You already have RibbonLoadBalancerClient on your classpath. It will be used by default. As Spring Cloud Ribbon is in maintenance mode. We recommend switching to BlockingLoadBalancerClient instead. In order to use it, set the value of `spring.cloud.loadbalancer.ribbon.enabled` to `false` or remove spring-cloud-starter-netflix-ribbon from your project.
2020-05-31 16:55:19,280 [main] INFO  [o.s.cloud.netflix.eureka.InstanceInfoFactory] InstanceInfoFactory.java:72 - Setting initial instance status as: STARTING
2020-05-31 16:55:19,310 [main] INFO  [com.netflix.discovery.DiscoveryClient] DiscoveryClient.java:368 - Initializing Eureka in region us-east-1
2020-05-31 16:55:19,313 [main] INFO  [com.netflix.discovery.DiscoveryClient] DiscoveryClient.java:371 - Client configured to neither register nor query for data.
2020-05-31 16:55:19,324 [main] INFO  [com.netflix.discovery.DiscoveryClient] DiscoveryClient.java:384 - Discovery Client initialized at timestamp 1590915319322 with initial instances count: 0
2020-05-31 16:55:19,382 [main] INFO  [com.netflix.eureka.DefaultEurekaServerContext] DefaultEurekaServerContext.java:66 - Initializing ...
2020-05-31 16:55:19,384 [main] WARN  [com.netflix.eureka.cluster.PeerEurekaNodes] PeerEurekaNodes.java:155 - The replica size seems to be empty. Check the route 53 DNS Registry
2020-05-31 16:55:19,423 [main] INFO  [c.netflix.eureka.registry.AbstractInstanceRegistry] AbstractInstanceRegistry.java:153 - Finished initializing remote region registries. All known remote regions: []
2020-05-31 16:55:19,425 [main] INFO  [com.netflix.eureka.DefaultEurekaServerContext] DefaultEurekaServerContext.java:73 - Initialized
2020-05-31 16:55:19,637 [main] INFO  [o.s.b.actuate.endpoint.web.EndpointLinksResolver] EndpointLinksResolver.java:58 - Exposing 2 endpoint(s) beneath base path '/actuator'
2020-05-31 16:55:19,686 [main] INFO  [o.s.c.n.e.serviceregistry.EurekaServiceRegistry] EurekaServiceRegistry.java:41 - Registering application SQQ-EUREKA-SERVER with eureka with status UP
2020-05-31 16:55:19,689 [Thread-380] INFO  [o.s.c.netflix.eureka.server.EurekaServerBootstrap] EurekaServerBootstrap.java:110 - Setting the eureka configuration..
2020-05-31 16:55:19,689 [Thread-380] INFO  [o.s.c.netflix.eureka.server.EurekaServerBootstrap] EurekaServerBootstrap.java:115 - Eureka data center value eureka.datacenter is not set, defaulting to default
2020-05-31 16:55:19,689 [Thread-380] INFO  [o.s.c.netflix.eureka.server.EurekaServerBootstrap] EurekaServerBootstrap.java:129 - Eureka environment value eureka.environment is not set, defaulting to test
2020-05-31 16:55:19,715 [main] INFO  [com.sqq.eureka.SqqEurekaApplicationTests] StartupInfoLogger.java:61 - Started SqqEurekaApplicationTests in 4.444 seconds (JVM running for 5.403)
2020-05-31 16:55:19,730 [Thread-380] INFO  [o.s.c.netflix.eureka.server.EurekaServerBootstrap] EurekaServerBootstrap.java:188 - isAws returned false
2020-05-31 16:55:19,730 [Thread-380] INFO  [o.s.c.netflix.eureka.server.EurekaServerBootstrap] EurekaServerBootstrap.java:153 - Initialized server context
2020-05-31 16:55:19,731 [Thread-380] INFO  [c.n.eureka.registry.PeerAwareInstanceRegistryImpl] PeerAwareInstanceRegistryImpl.java:242 - Got 1 instances from neighboring DS node
2020-05-31 16:55:19,731 [Thread-380] INFO  [c.n.eureka.registry.PeerAwareInstanceRegistryImpl] PeerAwareInstanceRegistryImpl.java:243 - Renew threshold is: 1
2020-05-31 16:55:19,731 [Thread-380] INFO  [c.n.eureka.registry.PeerAwareInstanceRegistryImpl] PeerAwareInstanceRegistryImpl.java:254 - Changing status to UP
2020-05-31 16:55:19,741 [Thread-380] INFO  [o.s.c.n.e.s.EurekaServerInitializerConfiguration] EurekaServerInitializerConfiguration.java:72 - Started Eureka Server
2020-05-31 16:55:19,953 [SpringContextShutdownHook] INFO  [o.s.c.n.e.serviceregistry.EurekaServiceRegistry] EurekaServiceRegistry.java:65 - Unregistering application SQQ-EUREKA-SERVER with eureka with status DOWN
2020-05-31 16:55:19,956 [SpringContextShutdownHook] INFO  [com.netflix.eureka.DefaultEurekaServerContext] DefaultEurekaServerContext.java:79 - Shutting down ...
2020-05-31 16:55:19,970 [SpringContextShutdownHook] INFO  [com.netflix.eureka.DefaultEurekaServerContext] DefaultEurekaServerContext.java:84 - Shut down
2020-05-31 16:55:19,979 [SpringContextShutdownHook] INFO  [o.s.scheduling.concurrent.ThreadPoolTaskExecutor] ExecutorConfigurationSupport.java:218 - Shutting down ExecutorService 'applicationTaskExecutor'
2020-05-31 16:55:19,980 [SpringContextShutdownHook] INFO  [com.netflix.discovery.DiscoveryClient] DiscoveryClient.java:909 - Shutting down DiscoveryClient ...
2020-05-31 16:55:19,981 [SpringContextShutdownHook] INFO  [com.netflix.discovery.DiscoveryClient] DiscoveryClient.java:934 - Completed shut down of DiscoveryClient
2020-05-31 16:57:03,879 [main] INFO  [com.sqq.eureka.SqqEurekaApplicationTests] SpringApplication.java:651 - No active profile set, falling back to default profiles: default
2020-05-31 16:57:04,589 [main] WARN  [o.springframework.boot.actuate.endpoint.EndpointId] EndpointId.java:155 - Endpoint ID 'service-registry' contains invalid characters, please migrate to a valid format.
2020-05-31 16:57:04,733 [main] INFO  [o.springframework.cloud.context.scope.GenericScope] GenericScope.java:295 - BeanFactory id=a987efab-3868-3d47-8c9a-e90079a4d352
2020-05-31 16:57:05,133 [main] WARN  [com.netflix.config.sources.URLConfigurationSource] URLConfigurationSource.java:121 - No URLs will be polled as dynamic configuration sources.
2020-05-31 16:57:05,134 [main] INFO  [com.netflix.config.sources.URLConfigurationSource] URLConfigurationSource.java:122 - To enable URLs as dynamic configuration sources, define System property archaius.configurationSource.additionalUrls or make config.properties available on classpath.
2020-05-31 16:57:05,139 [main] WARN  [com.netflix.config.sources.URLConfigurationSource] URLConfigurationSource.java:121 - No URLs will be polled as dynamic configuration sources.
2020-05-31 16:57:05,139 [main] INFO  [com.netflix.config.sources.URLConfigurationSource] URLConfigurationSource.java:122 - To enable URLs as dynamic configuration sources, define System property archaius.configurationSource.additionalUrls or make config.properties available on classpath.
2020-05-31 16:57:05,683 [main] INFO  [o.s.scheduling.concurrent.ThreadPoolTaskExecutor] ExecutorConfigurationSupport.java:181 - Initializing ExecutorService 'applicationTaskExecutor'
2020-05-31 16:57:06,830 [main] WARN  [o.s.c.l.c.BlockingLoadBalancerClientAutoConfiguration$BlockingLoadBalancerClientRibbonWarnLogger] BlockingLoadBalancerClientAutoConfiguration.java:86 - You already have RibbonLoadBalancerClient on your classpath. It will be used by default. As Spring Cloud Ribbon is in maintenance mode. We recommend switching to BlockingLoadBalancerClient instead. In order to use it, set the value of `spring.cloud.loadbalancer.ribbon.enabled` to `false` or remove spring-cloud-starter-netflix-ribbon from your project.
2020-05-31 16:57:07,023 [main] INFO  [o.s.cloud.netflix.eureka.InstanceInfoFactory] InstanceInfoFactory.java:72 - Setting initial instance status as: STARTING
2020-05-31 16:57:07,051 [main] INFO  [com.netflix.discovery.DiscoveryClient] DiscoveryClient.java:368 - Initializing Eureka in region us-east-1
2020-05-31 16:57:07,053 [main] INFO  [com.netflix.discovery.DiscoveryClient] DiscoveryClient.java:371 - Client configured to neither register nor query for data.
2020-05-31 16:57:07,059 [main] INFO  [com.netflix.discovery.DiscoveryClient] DiscoveryClient.java:384 - Discovery Client initialized at timestamp 1590915427058 with initial instances count: 0
2020-05-31 16:57:07,109 [main] INFO  [com.netflix.eureka.DefaultEurekaServerContext] DefaultEurekaServerContext.java:66 - Initializing ...
2020-05-31 16:57:07,116 [main] WARN  [com.netflix.eureka.cluster.PeerEurekaNodes] PeerEurekaNodes.java:155 - The replica size seems to be empty. Check the route 53 DNS Registry
2020-05-31 16:57:07,155 [main] INFO  [c.netflix.eureka.registry.AbstractInstanceRegistry] AbstractInstanceRegistry.java:153 - Finished initializing remote region registries. All known remote regions: []
2020-05-31 16:57:07,156 [main] INFO  [com.netflix.eureka.DefaultEurekaServerContext] DefaultEurekaServerContext.java:73 - Initialized
2020-05-31 16:57:07,362 [main] INFO  [o.s.b.actuate.endpoint.web.EndpointLinksResolver] EndpointLinksResolver.java:58 - Exposing 2 endpoint(s) beneath base path '/actuator'
2020-05-31 16:57:07,404 [main] INFO  [o.s.c.n.e.serviceregistry.EurekaServiceRegistry] EurekaServiceRegistry.java:41 - Registering application SQQ-EUREKA-SERVER with eureka with status UP
2020-05-31 16:57:07,407 [Thread-380] INFO  [o.s.c.netflix.eureka.server.EurekaServerBootstrap] EurekaServerBootstrap.java:110 - Setting the eureka configuration..
2020-05-31 16:57:07,407 [Thread-380] INFO  [o.s.c.netflix.eureka.server.EurekaServerBootstrap] EurekaServerBootstrap.java:115 - Eureka data center value eureka.datacenter is not set, defaulting to default
2020-05-31 16:57:07,408 [Thread-380] INFO  [o.s.c.netflix.eureka.server.EurekaServerBootstrap] EurekaServerBootstrap.java:129 - Eureka environment value eureka.environment is not set, defaulting to test
2020-05-31 16:57:07,426 [Thread-380] INFO  [o.s.c.netflix.eureka.server.EurekaServerBootstrap] EurekaServerBootstrap.java:188 - isAws returned false
2020-05-31 16:57:07,427 [Thread-380] INFO  [o.s.c.netflix.eureka.server.EurekaServerBootstrap] EurekaServerBootstrap.java:153 - Initialized server context
2020-05-31 16:57:07,427 [Thread-380] INFO  [c.n.eureka.registry.PeerAwareInstanceRegistryImpl] PeerAwareInstanceRegistryImpl.java:242 - Got 1 instances from neighboring DS node
2020-05-31 16:57:07,427 [Thread-380] INFO  [c.n.eureka.registry.PeerAwareInstanceRegistryImpl] PeerAwareInstanceRegistryImpl.java:243 - Renew threshold is: 1
2020-05-31 16:57:07,427 [Thread-380] INFO  [c.n.eureka.registry.PeerAwareInstanceRegistryImpl] PeerAwareInstanceRegistryImpl.java:254 - Changing status to UP
2020-05-31 16:57:07,430 [main] INFO  [com.sqq.eureka.SqqEurekaApplicationTests] StartupInfoLogger.java:61 - Started SqqEurekaApplicationTests in 4.462 seconds (JVM running for 5.491)
2020-05-31 16:57:07,438 [Thread-380] INFO  [o.s.c.n.e.s.EurekaServerInitializerConfiguration] EurekaServerInitializerConfiguration.java:72 - Started Eureka Server
2020-05-31 16:57:07,627 [SpringContextShutdownHook] INFO  [o.s.c.n.e.serviceregistry.EurekaServiceRegistry] EurekaServiceRegistry.java:65 - Unregistering application SQQ-EUREKA-SERVER with eureka with status DOWN
2020-05-31 16:57:07,629 [SpringContextShutdownHook] INFO  [com.netflix.eureka.DefaultEurekaServerContext] DefaultEurekaServerContext.java:79 - Shutting down ...
2020-05-31 16:57:07,645 [SpringContextShutdownHook] INFO  [com.netflix.eureka.DefaultEurekaServerContext] DefaultEurekaServerContext.java:84 - Shut down
2020-05-31 16:57:07,648 [SpringContextShutdownHook] INFO  [o.s.scheduling.concurrent.ThreadPoolTaskExecutor] ExecutorConfigurationSupport.java:218 - Shutting down ExecutorService 'applicationTaskExecutor'
2020-05-31 16:57:07,650 [SpringContextShutdownHook] INFO  [com.netflix.discovery.DiscoveryClient] DiscoveryClient.java:909 - Shutting down DiscoveryClient ...
2020-05-31 16:57:07,651 [SpringContextShutdownHook] INFO  [com.netflix.discovery.DiscoveryClient] DiscoveryClient.java:934 - Completed shut down of DiscoveryClient
2020-05-31 17:43:21,942 [main] INFO  [com.sqq.eureka.SqqEurekaApplicationTests] SpringApplication.java:651 - No active profile set, falling back to default profiles: default
2020-05-31 17:43:22,645 [main] WARN  [o.springframework.boot.actuate.endpoint.EndpointId] EndpointId.java:155 - Endpoint ID 'service-registry' contains invalid characters, please migrate to a valid format.
2020-05-31 17:43:22,790 [main] INFO  [o.springframework.cloud.context.scope.GenericScope] GenericScope.java:295 - BeanFactory id=a987efab-3868-3d47-8c9a-e90079a4d352
2020-05-31 17:43:23,186 [main] WARN  [com.netflix.config.sources.URLConfigurationSource] URLConfigurationSource.java:121 - No URLs will be polled as dynamic configuration sources.
2020-05-31 17:43:23,187 [main] INFO  [com.netflix.config.sources.URLConfigurationSource] URLConfigurationSource.java:122 - To enable URLs as dynamic configuration sources, define System property archaius.configurationSource.additionalUrls or make config.properties available on classpath.
2020-05-31 17:43:23,193 [main] WARN  [com.netflix.config.sources.URLConfigurationSource] URLConfigurationSource.java:121 - No URLs will be polled as dynamic configuration sources.
2020-05-31 17:43:23,193 [main] INFO  [com.netflix.config.sources.URLConfigurationSource] URLConfigurationSource.java:122 - To enable URLs as dynamic configuration sources, define System property archaius.configurationSource.additionalUrls or make config.properties available on classpath.
2020-05-31 17:43:23,665 [main] INFO  [o.s.scheduling.concurrent.ThreadPoolTaskExecutor] ExecutorConfigurationSupport.java:181 - Initializing ExecutorService 'applicationTaskExecutor'
2020-05-31 17:43:24,640 [main] WARN  [o.s.c.l.c.BlockingLoadBalancerClientAutoConfiguration$BlockingLoadBalancerClientRibbonWarnLogger] BlockingLoadBalancerClientAutoConfiguration.java:86 - You already have RibbonLoadBalancerClient on your classpath. It will be used by default. As Spring Cloud Ribbon is in maintenance mode. We recommend switching to BlockingLoadBalancerClient instead. In order to use it, set the value of `spring.cloud.loadbalancer.ribbon.enabled` to `false` or remove spring-cloud-starter-netflix-ribbon from your project.
2020-05-31 17:43:24,807 [main] INFO  [o.s.cloud.netflix.eureka.InstanceInfoFactory] InstanceInfoFactory.java:72 - Setting initial instance status as: STARTING
2020-05-31 17:43:24,832 [main] INFO  [com.netflix.discovery.DiscoveryClient] DiscoveryClient.java:368 - Initializing Eureka in region us-east-1
2020-05-31 17:43:24,833 [main] INFO  [com.netflix.discovery.DiscoveryClient] DiscoveryClient.java:371 - Client configured to neither register nor query for data.
2020-05-31 17:43:24,840 [main] INFO  [com.netflix.discovery.DiscoveryClient] DiscoveryClient.java:384 - Discovery Client initialized at timestamp 1590918204839 with initial instances count: 0
2020-05-31 17:43:24,884 [main] INFO  [com.netflix.eureka.DefaultEurekaServerContext] DefaultEurekaServerContext.java:66 - Initializing ...
2020-05-31 17:43:24,886 [main] WARN  [com.netflix.eureka.cluster.PeerEurekaNodes] PeerEurekaNodes.java:155 - The replica size seems to be empty. Check the route 53 DNS Registry
2020-05-31 17:43:24,924 [main] INFO  [c.netflix.eureka.registry.AbstractInstanceRegistry] AbstractInstanceRegistry.java:153 - Finished initializing remote region registries. All known remote regions: []
2020-05-31 17:43:24,926 [main] INFO  [com.netflix.eureka.DefaultEurekaServerContext] DefaultEurekaServerContext.java:73 - Initialized
2020-05-31 17:43:25,116 [main] INFO  [o.s.b.actuate.endpoint.web.EndpointLinksResolver] EndpointLinksResolver.java:58 - Exposing 2 endpoint(s) beneath base path '/actuator'
2020-05-31 17:43:25,164 [main] INFO  [o.s.c.n.e.serviceregistry.EurekaServiceRegistry] EurekaServiceRegistry.java:41 - Registering application SQQ-EUREKA-SERVER with eureka with status UP
2020-05-31 17:43:25,167 [Thread-380] INFO  [o.s.c.netflix.eureka.server.EurekaServerBootstrap] EurekaServerBootstrap.java:110 - Setting the eureka configuration..
2020-05-31 17:43:25,168 [Thread-380] INFO  [o.s.c.netflix.eureka.server.EurekaServerBootstrap] EurekaServerBootstrap.java:115 - Eureka data center value eureka.datacenter is not set, defaulting to default
2020-05-31 17:43:25,168 [Thread-380] INFO  [o.s.c.netflix.eureka.server.EurekaServerBootstrap] EurekaServerBootstrap.java:129 - Eureka environment value eureka.environment is not set, defaulting to test
2020-05-31 17:43:25,210 [Thread-380] INFO  [o.s.c.netflix.eureka.server.EurekaServerBootstrap] EurekaServerBootstrap.java:188 - isAws returned false
2020-05-31 17:43:25,211 [Thread-380] INFO  [o.s.c.netflix.eureka.server.EurekaServerBootstrap] EurekaServerBootstrap.java:153 - Initialized server context
2020-05-31 17:43:25,211 [Thread-380] INFO  [c.n.eureka.registry.PeerAwareInstanceRegistryImpl] PeerAwareInstanceRegistryImpl.java:242 - Got 1 instances from neighboring DS node
2020-05-31 17:43:25,211 [Thread-380] INFO  [c.n.eureka.registry.PeerAwareInstanceRegistryImpl] PeerAwareInstanceRegistryImpl.java:243 - Renew threshold is: 1
2020-05-31 17:43:25,211 [Thread-380] INFO  [c.n.eureka.registry.PeerAwareInstanceRegistryImpl] PeerAwareInstanceRegistryImpl.java:254 - Changing status to UP
2020-05-31 17:43:25,213 [main] INFO  [com.sqq.eureka.SqqEurekaApplicationTests] StartupInfoLogger.java:61 - Started SqqEurekaApplicationTests in 4.136 seconds (JVM running for 5.083)
2020-05-31 17:43:25,222 [Thread-380] INFO  [o.s.c.n.e.s.EurekaServerInitializerConfiguration] EurekaServerInitializerConfiguration.java:72 - Started Eureka Server
2020-05-31 17:43:25,422 [SpringContextShutdownHook] INFO  [o.s.c.n.e.serviceregistry.EurekaServiceRegistry] EurekaServiceRegistry.java:65 - Unregistering application SQQ-EUREKA-SERVER with eureka with status DOWN
2020-05-31 17:43:25,425 [SpringContextShutdownHook] INFO  [com.netflix.eureka.DefaultEurekaServerContext] DefaultEurekaServerContext.java:79 - Shutting down ...
2020-05-31 17:43:25,438 [SpringContextShutdownHook] INFO  [com.netflix.eureka.DefaultEurekaServerContext] DefaultEurekaServerContext.java:84 - Shut down
2020-05-31 17:43:25,442 [SpringContextShutdownHook] INFO  [o.s.scheduling.concurrent.ThreadPoolTaskExecutor] ExecutorConfigurationSupport.java:218 - Shutting down ExecutorService 'applicationTaskExecutor'
2020-05-31 17:43:25,444 [SpringContextShutdownHook] INFO  [com.netflix.discovery.DiscoveryClient] DiscoveryClient.java:909 - Shutting down DiscoveryClient ...
2020-05-31 17:43:25,445 [SpringContextShutdownHook] INFO  [com.netflix.discovery.DiscoveryClient] DiscoveryClient.java:934 - Completed shut down of DiscoveryClient
2020-05-31 17:44:52,056 [main] INFO  [com.sqq.eureka.SqqEurekaApplicationTests] SpringApplication.java:651 - No active profile set, falling back to default profiles: default
2020-05-31 17:44:53,148 [main] WARN  [o.springframework.boot.actuate.endpoint.EndpointId] EndpointId.java:155 - Endpoint ID 'service-registry' contains invalid characters, please migrate to a valid format.
2020-05-31 17:44:53,378 [main] INFO  [o.springframework.cloud.context.scope.GenericScope] GenericScope.java:295 - BeanFactory id=a987efab-3868-3d47-8c9a-e90079a4d352
2020-05-31 17:44:53,945 [main] WARN  [com.netflix.config.sources.URLConfigurationSource] URLConfigurationSource.java:121 - No URLs will be polled as dynamic configuration sources.
2020-05-31 17:44:53,945 [main] INFO  [com.netflix.config.sources.URLConfigurationSource] URLConfigurationSource.java:122 - To enable URLs as dynamic configuration sources, define System property archaius.configurationSource.additionalUrls or make config.properties available on classpath.
2020-05-31 17:44:53,954 [main] WARN  [com.netflix.config.sources.URLConfigurationSource] URLConfigurationSource.java:121 - No URLs will be polled as dynamic configuration sources.
2020-05-31 17:44:53,954 [main] INFO  [com.netflix.config.sources.URLConfigurationSource] URLConfigurationSource.java:122 - To enable URLs as dynamic configuration sources, define System property archaius.configurationSource.additionalUrls or make config.properties available on classpath.
2020-05-31 17:44:54,752 [main] INFO  [o.s.scheduling.concurrent.ThreadPoolTaskExecutor] ExecutorConfigurationSupport.java:181 - Initializing ExecutorService 'applicationTaskExecutor'
2020-05-31 17:44:56,393 [main] WARN  [o.s.c.l.c.BlockingLoadBalancerClientAutoConfiguration$BlockingLoadBalancerClientRibbonWarnLogger] BlockingLoadBalancerClientAutoConfiguration.java:86 - You already have RibbonLoadBalancerClient on your classpath. It will be used by default. As Spring Cloud Ribbon is in maintenance mode. We recommend switching to BlockingLoadBalancerClient instead. In order to use it, set the value of `spring.cloud.loadbalancer.ribbon.enabled` to `false` or remove spring-cloud-starter-netflix-ribbon from your project.
2020-05-31 17:44:56,588 [main] INFO  [o.s.cloud.netflix.eureka.InstanceInfoFactory] InstanceInfoFactory.java:72 - Setting initial instance status as: STARTING
2020-05-31 17:44:56,633 [main] INFO  [com.netflix.discovery.DiscoveryClient] DiscoveryClient.java:368 - Initializing Eureka in region us-east-1
2020-05-31 17:44:56,634 [main] INFO  [com.netflix.discovery.DiscoveryClient] DiscoveryClient.java:371 - Client configured to neither register nor query for data.
2020-05-31 17:44:56,645 [main] INFO  [com.netflix.discovery.DiscoveryClient] DiscoveryClient.java:384 - Discovery Client initialized at timestamp 1590918296643 with initial instances count: 0
2020-05-31 17:44:56,698 [main] INFO  [com.netflix.eureka.DefaultEurekaServerContext] DefaultEurekaServerContext.java:66 - Initializing ...
2020-05-31 17:44:56,705 [main] WARN  [com.netflix.eureka.cluster.PeerEurekaNodes] PeerEurekaNodes.java:155 - The replica size seems to be empty. Check the route 53 DNS Registry
2020-05-31 17:44:56,757 [main] INFO  [c.netflix.eureka.registry.AbstractInstanceRegistry] AbstractInstanceRegistry.java:153 - Finished initializing remote region registries. All known remote regions: []
2020-05-31 17:44:56,760 [main] INFO  [com.netflix.eureka.DefaultEurekaServerContext] DefaultEurekaServerContext.java:73 - Initialized
2020-05-31 17:44:57,096 [main] INFO  [o.s.b.actuate.endpoint.web.EndpointLinksResolver] EndpointLinksResolver.java:58 - Exposing 2 endpoint(s) beneath base path '/actuator'
2020-05-31 17:44:57,151 [main] INFO  [o.s.c.n.e.serviceregistry.EurekaServiceRegistry] EurekaServiceRegistry.java:41 - Registering application SQQ-EUREKA-SERVER with eureka with status UP
2020-05-31 17:44:57,154 [Thread-380] INFO  [o.s.c.netflix.eureka.server.EurekaServerBootstrap] EurekaServerBootstrap.java:110 - Setting the eureka configuration..
2020-05-31 17:44:57,154 [Thread-380] INFO  [o.s.c.netflix.eureka.server.EurekaServerBootstrap] EurekaServerBootstrap.java:115 - Eureka data center value eureka.datacenter is not set, defaulting to default
2020-05-31 17:44:57,155 [Thread-380] INFO  [o.s.c.netflix.eureka.server.EurekaServerBootstrap] EurekaServerBootstrap.java:129 - Eureka environment value eureka.environment is not set, defaulting to test
2020-05-31 17:44:57,172 [Thread-380] INFO  [o.s.c.netflix.eureka.server.EurekaServerBootstrap] EurekaServerBootstrap.java:188 - isAws returned false
2020-05-31 17:44:57,173 [Thread-380] INFO  [o.s.c.netflix.eureka.server.EurekaServerBootstrap] EurekaServerBootstrap.java:153 - Initialized server context
2020-05-31 17:44:57,173 [Thread-380] INFO  [c.n.eureka.registry.PeerAwareInstanceRegistryImpl] PeerAwareInstanceRegistryImpl.java:242 - Got 1 instances from neighboring DS node
2020-05-31 17:44:57,173 [Thread-380] INFO  [c.n.eureka.registry.PeerAwareInstanceRegistryImpl] PeerAwareInstanceRegistryImpl.java:243 - Renew threshold is: 1
2020-05-31 17:44:57,174 [Thread-380] INFO  [c.n.eureka.registry.PeerAwareInstanceRegistryImpl] PeerAwareInstanceRegistryImpl.java:254 - Changing status to UP
2020-05-31 17:44:57,178 [main] INFO  [com.sqq.eureka.SqqEurekaApplicationTests] StartupInfoLogger.java:61 - Started SqqEurekaApplicationTests in 6.114 seconds (JVM running for 7.189)
2020-05-31 17:44:57,188 [Thread-380] INFO  [o.s.c.n.e.s.EurekaServerInitializerConfiguration] EurekaServerInitializerConfiguration.java:72 - Started Eureka Server
2020-05-31 17:44:57,465 [SpringContextShutdownHook] INFO  [o.s.c.n.e.serviceregistry.EurekaServiceRegistry] EurekaServiceRegistry.java:65 - Unregistering application SQQ-EUREKA-SERVER with eureka with status DOWN
2020-05-31 17:44:57,468 [SpringContextShutdownHook] INFO  [com.netflix.eureka.DefaultEurekaServerContext] DefaultEurekaServerContext.java:79 - Shutting down ...
2020-05-31 17:44:57,484 [SpringContextShutdownHook] INFO  [com.netflix.eureka.DefaultEurekaServerContext] DefaultEurekaServerContext.java:84 - Shut down
2020-05-31 17:44:57,488 [SpringContextShutdownHook] INFO  [o.s.scheduling.concurrent.ThreadPoolTaskExecutor] ExecutorConfigurationSupport.java:218 - Shutting down ExecutorService 'applicationTaskExecutor'
2020-05-31 17:44:57,490 [SpringContextShutdownHook] INFO  [com.netflix.discovery.DiscoveryClient] DiscoveryClient.java:909 - Shutting down DiscoveryClient ...
2020-05-31 17:44:57,492 [SpringContextShutdownHook] INFO  [com.netflix.discovery.DiscoveryClient] DiscoveryClient.java:934 - Completed shut down of DiscoveryClient
2020-05-31 17:48:28,875 [main] INFO  [com.sqq.eureka.SqqEurekaApplicationTests] SpringApplication.java:651 - No active profile set, falling back to default profiles: default
2020-05-31 17:48:29,676 [main] WARN  [o.springframework.boot.actuate.endpoint.EndpointId] EndpointId.java:155 - Endpoint ID 'service-registry' contains invalid characters, please migrate to a valid format.
2020-05-31 17:48:29,863 [main] INFO  [o.springframework.cloud.context.scope.GenericScope] GenericScope.java:295 - BeanFactory id=a987efab-3868-3d47-8c9a-e90079a4d352
2020-05-31 17:48:30,282 [main] WARN  [com.netflix.config.sources.URLConfigurationSource] URLConfigurationSource.java:121 - No URLs will be polled as dynamic configuration sources.
2020-05-31 17:48:30,282 [main] INFO  [com.netflix.config.sources.URLConfigurationSource] URLConfigurationSource.java:122 - To enable URLs as dynamic configuration sources, define System property archaius.configurationSource.additionalUrls or make config.properties available on classpath.
2020-05-31 17:48:30,287 [main] WARN  [com.netflix.config.sources.URLConfigurationSource] URLConfigurationSource.java:121 - No URLs will be polled as dynamic configuration sources.
2020-05-31 17:48:30,287 [main] INFO  [com.netflix.config.sources.URLConfigurationSource] URLConfigurationSource.java:122 - To enable URLs as dynamic configuration sources, define System property archaius.configurationSource.additionalUrls or make config.properties available on classpath.
2020-05-31 17:48:30,844 [main] INFO  [o.s.scheduling.concurrent.ThreadPoolTaskExecutor] ExecutorConfigurationSupport.java:181 - Initializing ExecutorService 'applicationTaskExecutor'
2020-05-31 17:48:31,947 [main] WARN  [o.s.c.l.c.BlockingLoadBalancerClientAutoConfiguration$BlockingLoadBalancerClientRibbonWarnLogger] BlockingLoadBalancerClientAutoConfiguration.java:86 - You already have RibbonLoadBalancerClient on your classpath. It will be used by default. As Spring Cloud Ribbon is in maintenance mode. We recommend switching to BlockingLoadBalancerClient instead. In order to use it, set the value of `spring.cloud.loadbalancer.ribbon.enabled` to `false` or remove spring-cloud-starter-netflix-ribbon from your project.
2020-05-31 17:48:32,153 [main] INFO  [o.s.cloud.netflix.eureka.InstanceInfoFactory] InstanceInfoFactory.java:72 - Setting initial instance status as: STARTING
2020-05-31 17:48:32,190 [main] INFO  [com.netflix.discovery.DiscoveryClient] DiscoveryClient.java:368 - Initializing Eureka in region us-east-1
2020-05-31 17:48:32,191 [main] INFO  [com.netflix.discovery.DiscoveryClient] DiscoveryClient.java:371 - Client configured to neither register nor query for data.
2020-05-31 17:48:32,199 [main] INFO  [com.netflix.discovery.DiscoveryClient] DiscoveryClient.java:384 - Discovery Client initialized at timestamp 1590918512198 with initial instances count: 0
2020-05-31 17:48:32,255 [main] INFO  [com.netflix.eureka.DefaultEurekaServerContext] DefaultEurekaServerContext.java:66 - Initializing ...
2020-05-31 17:48:32,259 [main] WARN  [com.netflix.eureka.cluster.PeerEurekaNodes] PeerEurekaNodes.java:155 - The replica size seems to be empty. Check the route 53 DNS Registry
2020-05-31 17:48:32,301 [main] INFO  [c.netflix.eureka.registry.AbstractInstanceRegistry] AbstractInstanceRegistry.java:153 - Finished initializing remote region registries. All known remote regions: []
2020-05-31 17:48:32,302 [main] INFO  [com.netflix.eureka.DefaultEurekaServerContext] DefaultEurekaServerContext.java:73 - Initialized
2020-05-31 17:48:32,519 [main] INFO  [o.s.b.actuate.endpoint.web.EndpointLinksResolver] EndpointLinksResolver.java:58 - Exposing 2 endpoint(s) beneath base path '/actuator'
2020-05-31 17:48:32,565 [main] INFO  [o.s.c.n.e.serviceregistry.EurekaServiceRegistry] EurekaServiceRegistry.java:41 - Registering application SQQ-EUREKA-SERVER with eureka with status UP
2020-05-31 17:48:32,569 [Thread-380] INFO  [o.s.c.netflix.eureka.server.EurekaServerBootstrap] EurekaServerBootstrap.java:110 - Setting the eureka configuration..
2020-05-31 17:48:32,569 [Thread-380] INFO  [o.s.c.netflix.eureka.server.EurekaServerBootstrap] EurekaServerBootstrap.java:115 - Eureka data center value eureka.datacenter is not set, defaulting to default
2020-05-31 17:48:32,569 [Thread-380] INFO  [o.s.c.netflix.eureka.server.EurekaServerBootstrap] EurekaServerBootstrap.java:129 - Eureka environment value eureka.environment is not set, defaulting to test
2020-05-31 17:48:32,581 [main] INFO  [com.sqq.eureka.SqqEurekaApplicationTests] StartupInfoLogger.java:61 - Started SqqEurekaApplicationTests in 4.681 seconds (JVM running for 5.696)
2020-05-31 17:48:32,592 [Thread-380] INFO  [o.s.c.netflix.eureka.server.EurekaServerBootstrap] EurekaServerBootstrap.java:188 - isAws returned false
2020-05-31 17:48:32,593 [Thread-380] INFO  [o.s.c.netflix.eureka.server.EurekaServerBootstrap] EurekaServerBootstrap.java:153 - Initialized server context
2020-05-31 17:48:32,594 [Thread-380] INFO  [c.n.eureka.registry.PeerAwareInstanceRegistryImpl] PeerAwareInstanceRegistryImpl.java:242 - Got 1 instances from neighboring DS node
2020-05-31 17:48:32,594 [Thread-380] INFO  [c.n.eureka.registry.PeerAwareInstanceRegistryImpl] PeerAwareInstanceRegistryImpl.java:243 - Renew threshold is: 1
2020-05-31 17:48:32,594 [Thread-380] INFO  [c.n.eureka.registry.PeerAwareInstanceRegistryImpl] PeerAwareInstanceRegistryImpl.java:254 - Changing status to UP
2020-05-31 17:48:32,603 [Thread-380] INFO  [o.s.c.n.e.s.EurekaServerInitializerConfiguration] EurekaServerInitializerConfiguration.java:72 - Started Eureka Server
2020-05-31 17:48:32,815 [SpringContextShutdownHook] INFO  [o.s.c.n.e.serviceregistry.EurekaServiceRegistry] EurekaServiceRegistry.java:65 - Unregistering application SQQ-EUREKA-SERVER with eureka with status DOWN
2020-05-31 17:48:32,817 [SpringContextShutdownHook] INFO  [com.netflix.eureka.DefaultEurekaServerContext] DefaultEurekaServerContext.java:79 - Shutting down ...
2020-05-31 17:48:32,831 [SpringContextShutdownHook] INFO  [com.netflix.eureka.DefaultEurekaServerContext] DefaultEurekaServerContext.java:84 - Shut down
2020-05-31 17:48:32,834 [SpringContextShutdownHook] INFO  [o.s.scheduling.concurrent.ThreadPoolTaskExecutor] ExecutorConfigurationSupport.java:218 - Shutting down ExecutorService 'applicationTaskExecutor'
2020-05-31 17:48:32,836 [SpringContextShutdownHook] INFO  [com.netflix.discovery.DiscoveryClient] DiscoveryClient.java:909 - Shutting down DiscoveryClient ...
2020-05-31 17:48:32,837 [SpringContextShutdownHook] INFO  [com.netflix.discovery.DiscoveryClient] DiscoveryClient.java:934 - Completed shut down of DiscoveryClient
2020-05-31 18:00:08,061 [main] INFO  [com.sqq.eureka.SqqEurekaApplicationTests] SpringApplication.java:651 - No active profile set, falling back to default profiles: default
2020-05-31 18:00:08,785 [main] WARN  [o.springframework.boot.actuate.endpoint.EndpointId] EndpointId.java:155 - Endpoint ID 'service-registry' contains invalid characters, please migrate to a valid format.
2020-05-31 18:00:08,925 [main] INFO  [o.springframework.cloud.context.scope.GenericScope] GenericScope.java:295 - BeanFactory id=a987efab-3868-3d47-8c9a-e90079a4d352
2020-05-31 18:00:09,313 [main] WARN  [com.netflix.config.sources.URLConfigurationSource] URLConfigurationSource.java:121 - No URLs will be polled as dynamic configuration sources.
2020-05-31 18:00:09,314 [main] INFO  [com.netflix.config.sources.URLConfigurationSource] URLConfigurationSource.java:122 - To enable URLs as dynamic configuration sources, define System property archaius.configurationSource.additionalUrls or make config.properties available on classpath.
2020-05-31 18:00:09,320 [main] WARN  [com.netflix.config.sources.URLConfigurationSource] URLConfigurationSource.java:121 - No URLs will be polled as dynamic configuration sources.
2020-05-31 18:00:09,320 [main] INFO  [com.netflix.config.sources.URLConfigurationSource] URLConfigurationSource.java:122 - To enable URLs as dynamic configuration sources, define System property archaius.configurationSource.additionalUrls or make config.properties available on classpath.
2020-05-31 18:00:09,807 [main] INFO  [o.s.scheduling.concurrent.ThreadPoolTaskExecutor] ExecutorConfigurationSupport.java:181 - Initializing ExecutorService 'applicationTaskExecutor'
2020-05-31 18:00:10,830 [main] WARN  [o.s.c.l.c.BlockingLoadBalancerClientAutoConfiguration$BlockingLoadBalancerClientRibbonWarnLogger] BlockingLoadBalancerClientAutoConfiguration.java:86 - You already have RibbonLoadBalancerClient on your classpath. It will be used by default. As Spring Cloud Ribbon is in maintenance mode. We recommend switching to BlockingLoadBalancerClient instead. In order to use it, set the value of `spring.cloud.loadbalancer.ribbon.enabled` to `false` or remove spring-cloud-starter-netflix-ribbon from your project.
2020-05-31 18:00:11,005 [main] INFO  [o.s.cloud.netflix.eureka.InstanceInfoFactory] InstanceInfoFactory.java:72 - Setting initial instance status as: STARTING
2020-05-31 18:00:11,031 [main] INFO  [com.netflix.discovery.DiscoveryClient] DiscoveryClient.java:368 - Initializing Eureka in region us-east-1
2020-05-31 18:00:11,032 [main] INFO  [com.netflix.discovery.DiscoveryClient] DiscoveryClient.java:371 - Client configured to neither register nor query for data.
2020-05-31 18:00:11,040 [main] INFO  [com.netflix.discovery.DiscoveryClient] DiscoveryClient.java:384 - Discovery Client initialized at timestamp 1590919211039 with initial instances count: 0
2020-05-31 18:00:11,085 [main] INFO  [com.netflix.eureka.DefaultEurekaServerContext] DefaultEurekaServerContext.java:66 - Initializing ...
2020-05-31 18:00:11,088 [main] WARN  [com.netflix.eureka.cluster.PeerEurekaNodes] PeerEurekaNodes.java:155 - The replica size seems to be empty. Check the route 53 DNS Registry
2020-05-31 18:00:11,121 [main] INFO  [c.netflix.eureka.registry.AbstractInstanceRegistry] AbstractInstanceRegistry.java:153 - Finished initializing remote region registries. All known remote regions: []
2020-05-31 18:00:11,122 [main] INFO  [com.netflix.eureka.DefaultEurekaServerContext] DefaultEurekaServerContext.java:73 - Initialized
2020-05-31 18:00:11,326 [main] INFO  [o.s.b.actuate.endpoint.web.EndpointLinksResolver] EndpointLinksResolver.java:58 - Exposing 2 endpoint(s) beneath base path '/actuator'
2020-05-31 18:00:11,374 [main] INFO  [o.s.c.n.e.serviceregistry.EurekaServiceRegistry] EurekaServiceRegistry.java:41 - Registering application SQQ-EUREKA-SERVER with eureka with status UP
2020-05-31 18:00:11,379 [Thread-380] INFO  [o.s.c.netflix.eureka.server.EurekaServerBootstrap] EurekaServerBootstrap.java:110 - Setting the eureka configuration..
2020-05-31 18:00:11,380 [Thread-380] INFO  [o.s.c.netflix.eureka.server.EurekaServerBootstrap] EurekaServerBootstrap.java:115 - Eureka data center value eureka.datacenter is not set, defaulting to default
2020-05-31 18:00:11,381 [Thread-380] INFO  [o.s.c.netflix.eureka.server.EurekaServerBootstrap] EurekaServerBootstrap.java:129 - Eureka environment value eureka.environment is not set, defaulting to test
2020-05-31 18:00:11,390 [main] INFO  [com.sqq.eureka.SqqEurekaApplicationTests] StartupInfoLogger.java:61 - Started SqqEurekaApplicationTests in 4.205 seconds (JVM running for 5.147)
2020-05-31 18:00:11,404 [Thread-380] INFO  [o.s.c.netflix.eureka.server.EurekaServerBootstrap] EurekaServerBootstrap.java:188 - isAws returned false
2020-05-31 18:00:11,405 [Thread-380] INFO  [o.s.c.netflix.eureka.server.EurekaServerBootstrap] EurekaServerBootstrap.java:153 - Initialized server context
2020-05-31 18:00:11,406 [Thread-380] INFO  [c.n.eureka.registry.PeerAwareInstanceRegistryImpl] PeerAwareInstanceRegistryImpl.java:242 - Got 1 instances from neighboring DS node
2020-05-31 18:00:11,406 [Thread-380] INFO  [c.n.eureka.registry.PeerAwareInstanceRegistryImpl] PeerAwareInstanceRegistryImpl.java:243 - Renew threshold is: 1
2020-05-31 18:00:11,406 [Thread-380] INFO  [c.n.eureka.registry.PeerAwareInstanceRegistryImpl] PeerAwareInstanceRegistryImpl.java:254 - Changing status to UP
2020-05-31 18:00:11,424 [Thread-380] INFO  [o.s.c.n.e.s.EurekaServerInitializerConfiguration] EurekaServerInitializerConfiguration.java:72 - Started Eureka Server
2020-05-31 18:00:11,610 [SpringContextShutdownHook] INFO  [o.s.c.n.e.serviceregistry.EurekaServiceRegistry] EurekaServiceRegistry.java:65 - Unregistering application SQQ-EUREKA-SERVER with eureka with status DOWN
2020-05-31 18:00:11,612 [SpringContextShutdownHook] INFO  [com.netflix.eureka.DefaultEurekaServerContext] DefaultEurekaServerContext.java:79 - Shutting down ...
2020-05-31 18:00:11,632 [SpringContextShutdownHook] INFO  [com.netflix.eureka.DefaultEurekaServerContext] DefaultEurekaServerContext.java:84 - Shut down
2020-05-31 18:00:11,635 [SpringContextShutdownHook] INFO  [o.s.scheduling.concurrent.ThreadPoolTaskExecutor] ExecutorConfigurationSupport.java:218 - Shutting down ExecutorService 'applicationTaskExecutor'
2020-05-31 18:00:11,637 [SpringContextShutdownHook] INFO  [com.netflix.discovery.DiscoveryClient] DiscoveryClient.java:909 - Shutting down DiscoveryClient ...
2020-05-31 18:00:11,638 [SpringContextShutdownHook] INFO  [com.netflix.discovery.DiscoveryClient] DiscoveryClient.java:934 - Completed shut down of DiscoveryClient
2020-05-31 18:05:56,838 [main] INFO  [com.sqq.eureka.SqqEurekaApplicationTests] SpringApplication.java:651 - No active profile set, falling back to default profiles: default
2020-05-31 18:05:57,589 [main] WARN  [o.springframework.boot.actuate.endpoint.EndpointId] EndpointId.java:155 - Endpoint ID 'service-registry' contains invalid characters, please migrate to a valid format.
2020-05-31 18:05:57,734 [main] INFO  [o.springframework.cloud.context.scope.GenericScope] GenericScope.java:295 - BeanFactory id=a987efab-3868-3d47-8c9a-e90079a4d352
2020-05-31 18:05:58,135 [main] WARN  [com.netflix.config.sources.URLConfigurationSource] URLConfigurationSource.java:121 - No URLs will be polled as dynamic configuration sources.
2020-05-31 18:05:58,135 [main] INFO  [com.netflix.config.sources.URLConfigurationSource] URLConfigurationSource.java:122 - To enable URLs as dynamic configuration sources, define System property archaius.configurationSource.additionalUrls or make config.properties available on classpath.
2020-05-31 18:05:58,141 [main] WARN  [com.netflix.config.sources.URLConfigurationSource] URLConfigurationSource.java:121 - No URLs will be polled as dynamic configuration sources.
2020-05-31 18:05:58,142 [main] INFO  [com.netflix.config.sources.URLConfigurationSource] URLConfigurationSource.java:122 - To enable URLs as dynamic configuration sources, define System property archaius.configurationSource.additionalUrls or make config.properties available on classpath.
2020-05-31 18:05:58,659 [main] INFO  [o.s.scheduling.concurrent.ThreadPoolTaskExecutor] ExecutorConfigurationSupport.java:181 - Initializing ExecutorService 'applicationTaskExecutor'
2020-05-31 18:05:59,826 [main] WARN  [o.s.c.l.c.BlockingLoadBalancerClientAutoConfiguration$BlockingLoadBalancerClientRibbonWarnLogger] BlockingLoadBalancerClientAutoConfiguration.java:86 - You already have RibbonLoadBalancerClient on your classpath. It will be used by default. As Spring Cloud Ribbon is in maintenance mode. We recommend switching to BlockingLoadBalancerClient instead. In order to use it, set the value of `spring.cloud.loadbalancer.ribbon.enabled` to `false` or remove spring-cloud-starter-netflix-ribbon from your project.
2020-05-31 18:06:00,072 [main] INFO  [o.s.cloud.netflix.eureka.InstanceInfoFactory] InstanceInfoFactory.java:72 - Setting initial instance status as: STARTING
2020-05-31 18:06:00,108 [main] INFO  [com.netflix.discovery.DiscoveryClient] DiscoveryClient.java:368 - Initializing Eureka in region us-east-1
2020-05-31 18:06:00,109 [main] INFO  [com.netflix.discovery.DiscoveryClient] DiscoveryClient.java:371 - Client configured to neither register nor query for data.
2020-05-31 18:06:00,118 [main] INFO  [com.netflix.discovery.DiscoveryClient] DiscoveryClient.java:384 - Discovery Client initialized at timestamp 1590919560116 with initial instances count: 0
2020-05-31 18:06:00,184 [main] INFO  [com.netflix.eureka.DefaultEurekaServerContext] DefaultEurekaServerContext.java:66 - Initializing ...
2020-05-31 18:06:00,189 [main] WARN  [com.netflix.eureka.cluster.PeerEurekaNodes] PeerEurekaNodes.java:155 - The replica size seems to be empty. Check the route 53 DNS Registry
2020-05-31 18:06:00,234 [main] INFO  [c.netflix.eureka.registry.AbstractInstanceRegistry] AbstractInstanceRegistry.java:153 - Finished initializing remote region registries. All known remote regions: []
2020-05-31 18:06:00,236 [main] INFO  [com.netflix.eureka.DefaultEurekaServerContext] DefaultEurekaServerContext.java:73 - Initialized
2020-05-31 18:06:00,456 [main] INFO  [o.s.b.actuate.endpoint.web.EndpointLinksResolver] EndpointLinksResolver.java:58 - Exposing 2 endpoint(s) beneath base path '/actuator'
2020-05-31 18:06:00,506 [main] INFO  [o.s.c.n.e.serviceregistry.EurekaServiceRegistry] EurekaServiceRegistry.java:41 - Registering application SQQ-EUREKA-SERVER with eureka with status UP
2020-05-31 18:06:00,508 [Thread-380] INFO  [o.s.c.netflix.eureka.server.EurekaServerBootstrap] EurekaServerBootstrap.java:110 - Setting the eureka configuration..
2020-05-31 18:06:00,509 [Thread-380] INFO  [o.s.c.netflix.eureka.server.EurekaServerBootstrap] EurekaServerBootstrap.java:115 - Eureka data center value eureka.datacenter is not set, defaulting to default
2020-05-31 18:06:00,509 [Thread-380] INFO  [o.s.c.netflix.eureka.server.EurekaServerBootstrap] EurekaServerBootstrap.java:129 - Eureka environment value eureka.environment is not set, defaulting to test
2020-05-31 18:06:00,525 [Thread-380] INFO  [o.s.c.netflix.eureka.server.EurekaServerBootstrap] EurekaServerBootstrap.java:188 - isAws returned false
2020-05-31 18:06:00,526 [Thread-380] INFO  [o.s.c.netflix.eureka.server.EurekaServerBootstrap] EurekaServerBootstrap.java:153 - Initialized server context
2020-05-31 18:06:00,525 [main] INFO  [com.sqq.eureka.SqqEurekaApplicationTests] StartupInfoLogger.java:61 - Started SqqEurekaApplicationTests in 4.646 seconds (JVM running for 5.698)
2020-05-31 18:06:00,526 [Thread-380] INFO  [c.n.eureka.registry.PeerAwareInstanceRegistryImpl] PeerAwareInstanceRegistryImpl.java:242 - Got 1 instances from neighboring DS node
2020-05-31 18:06:00,526 [Thread-380] INFO  [c.n.eureka.registry.PeerAwareInstanceRegistryImpl] PeerAwareInstanceRegistryImpl.java:243 - Renew threshold is: 1
2020-05-31 18:06:00,527 [Thread-380] INFO  [c.n.eureka.registry.PeerAwareInstanceRegistryImpl] PeerAwareInstanceRegistryImpl.java:254 - Changing status to UP
2020-05-31 18:06:00,543 [Thread-380] INFO  [o.s.c.n.e.s.EurekaServerInitializerConfiguration] EurekaServerInitializerConfiguration.java:72 - Started Eureka Server
2020-05-31 18:06:00,751 [SpringContextShutdownHook] INFO  [o.s.c.n.e.serviceregistry.EurekaServiceRegistry] EurekaServiceRegistry.java:65 - Unregistering application SQQ-EUREKA-SERVER with eureka with status DOWN
2020-05-31 18:06:00,753 [SpringContextShutdownHook] INFO  [com.netflix.eureka.DefaultEurekaServerContext] DefaultEurekaServerContext.java:79 - Shutting down ...
2020-05-31 18:06:00,767 [SpringContextShutdownHook] INFO  [com.netflix.eureka.DefaultEurekaServerContext] DefaultEurekaServerContext.java:84 - Shut down
2020-05-31 18:06:00,771 [SpringContextShutdownHook] INFO  [o.s.scheduling.concurrent.ThreadPoolTaskExecutor] ExecutorConfigurationSupport.java:218 - Shutting down ExecutorService 'applicationTaskExecutor'
2020-05-31 18:06:00,772 [SpringContextShutdownHook] INFO  [com.netflix.discovery.DiscoveryClient] DiscoveryClient.java:909 - Shutting down DiscoveryClient ...
2020-05-31 18:06:00,773 [SpringContextShutdownHook] INFO  [com.netflix.discovery.DiscoveryClient] DiscoveryClient.java:934 - Completed shut down of DiscoveryClient
2020-05-31 18:50:44,530 [main] INFO  [com.sqq.eureka.SqqEurekaApplicationTests] SpringApplication.java:651 - No active profile set, falling back to default profiles: default
2020-05-31 18:50:45,349 [main] WARN  [o.springframework.boot.actuate.endpoint.EndpointId] EndpointId.java:155 - Endpoint ID 'service-registry' contains invalid characters, please migrate to a valid format.
2020-05-31 18:50:45,497 [main] INFO  [o.springframework.cloud.context.scope.GenericScope] GenericScope.java:295 - BeanFactory id=a987efab-3868-3d47-8c9a-e90079a4d352
2020-05-31 18:50:45,945 [main] WARN  [com.netflix.config.sources.URLConfigurationSource] URLConfigurationSource.java:121 - No URLs will be polled as dynamic configuration sources.
2020-05-31 18:50:45,947 [main] INFO  [com.netflix.config.sources.URLConfigurationSource] URLConfigurationSource.java:122 - To enable URLs as dynamic configuration sources, define System property archaius.configurationSource.additionalUrls or make config.properties available on classpath.
2020-05-31 18:50:45,955 [main] WARN  [com.netflix.config.sources.URLConfigurationSource] URLConfigurationSource.java:121 - No URLs will be polled as dynamic configuration sources.
2020-05-31 18:50:45,955 [main] INFO  [com.netflix.config.sources.URLConfigurationSource] URLConfigurationSource.java:122 - To enable URLs as dynamic configuration sources, define System property archaius.configurationSource.additionalUrls or make config.properties available on classpath.
2020-05-31 18:50:46,566 [main] INFO  [o.s.scheduling.concurrent.ThreadPoolTaskExecutor] ExecutorConfigurationSupport.java:181 - Initializing ExecutorService 'applicationTaskExecutor'
2020-05-31 18:50:47,665 [main] WARN  [o.s.c.l.c.BlockingLoadBalancerClientAutoConfiguration$BlockingLoadBalancerClientRibbonWarnLogger] BlockingLoadBalancerClientAutoConfiguration.java:86 - You already have RibbonLoadBalancerClient on your classpath. It will be used by default. As Spring Cloud Ribbon is in maintenance mode. We recommend switching to BlockingLoadBalancerClient instead. In order to use it, set the value of `spring.cloud.loadbalancer.ribbon.enabled` to `false` or remove spring-cloud-starter-netflix-ribbon from your project.
2020-05-31 18:50:47,903 [main] INFO  [o.s.cloud.netflix.eureka.InstanceInfoFactory] InstanceInfoFactory.java:72 - Setting initial instance status as: STARTING
2020-05-31 18:50:47,930 [main] INFO  [com.netflix.discovery.DiscoveryClient] DiscoveryClient.java:368 - Initializing Eureka in region us-east-1
2020-05-31 18:50:47,932 [main] INFO  [com.netflix.discovery.DiscoveryClient] DiscoveryClient.java:371 - Client configured to neither register nor query for data.
2020-05-31 18:50:47,940 [main] INFO  [com.netflix.discovery.DiscoveryClient] DiscoveryClient.java:384 - Discovery Client initialized at timestamp 1590922247939 with initial instances count: 0
2020-05-31 18:50:47,994 [main] INFO  [com.netflix.eureka.DefaultEurekaServerContext] DefaultEurekaServerContext.java:66 - Initializing ...
2020-05-31 18:50:47,997 [main] WARN  [com.netflix.eureka.cluster.PeerEurekaNodes] PeerEurekaNodes.java:155 - The replica size seems to be empty. Check the route 53 DNS Registry
2020-05-31 18:50:48,035 [main] INFO  [c.netflix.eureka.registry.AbstractInstanceRegistry] AbstractInstanceRegistry.java:153 - Finished initializing remote region registries. All known remote regions: []
2020-05-31 18:50:48,036 [main] INFO  [com.netflix.eureka.DefaultEurekaServerContext] DefaultEurekaServerContext.java:73 - Initialized
2020-05-31 18:50:48,244 [main] INFO  [o.s.b.actuate.endpoint.web.EndpointLinksResolver] EndpointLinksResolver.java:58 - Exposing 2 endpoint(s) beneath base path '/actuator'
2020-05-31 18:50:48,290 [main] INFO  [o.s.c.n.e.serviceregistry.EurekaServiceRegistry] EurekaServiceRegistry.java:41 - Registering application SQQ-EUREKA-SERVER with eureka with status UP
2020-05-31 18:50:48,293 [Thread-380] INFO  [o.s.c.netflix.eureka.server.EurekaServerBootstrap] EurekaServerBootstrap.java:110 - Setting the eureka configuration..
2020-05-31 18:50:48,293 [Thread-380] INFO  [o.s.c.netflix.eureka.server.EurekaServerBootstrap] EurekaServerBootstrap.java:115 - Eureka data center value eureka.datacenter is not set, defaulting to default
2020-05-31 18:50:48,294 [Thread-380] INFO  [o.s.c.netflix.eureka.server.EurekaServerBootstrap] EurekaServerBootstrap.java:129 - Eureka environment value eureka.environment is not set, defaulting to test
2020-05-31 18:50:48,307 [main] INFO  [com.sqq.eureka.SqqEurekaApplicationTests] StartupInfoLogger.java:61 - Started SqqEurekaApplicationTests in 4.784 seconds (JVM running for 5.938)
2020-05-31 18:50:48,311 [Thread-380] INFO  [o.s.c.netflix.eureka.server.EurekaServerBootstrap] EurekaServerBootstrap.java:188 - isAws returned false
2020-05-31 18:50:48,312 [Thread-380] INFO  [o.s.c.netflix.eureka.server.EurekaServerBootstrap] EurekaServerBootstrap.java:153 - Initialized server context
2020-05-31 18:50:48,312 [Thread-380] INFO  [c.n.eureka.registry.PeerAwareInstanceRegistryImpl] PeerAwareInstanceRegistryImpl.java:242 - Got 1 instances from neighboring DS node
2020-05-31 18:50:48,312 [Thread-380] INFO  [c.n.eureka.registry.PeerAwareInstanceRegistryImpl] PeerAwareInstanceRegistryImpl.java:243 - Renew threshold is: 1
2020-05-31 18:50:48,313 [Thread-380] INFO  [c.n.eureka.registry.PeerAwareInstanceRegistryImpl] PeerAwareInstanceRegistryImpl.java:254 - Changing status to UP
2020-05-31 18:50:48,325 [Thread-380] INFO  [o.s.c.n.e.s.EurekaServerInitializerConfiguration] EurekaServerInitializerConfiguration.java:72 - Started Eureka Server
2020-05-31 18:50:48,523 [SpringContextShutdownHook] INFO  [o.s.c.n.e.serviceregistry.EurekaServiceRegistry] EurekaServiceRegistry.java:65 - Unregistering application SQQ-EUREKA-SERVER with eureka with status DOWN
2020-05-31 18:50:48,525 [SpringContextShutdownHook] INFO  [com.netflix.eureka.DefaultEurekaServerContext] DefaultEurekaServerContext.java:79 - Shutting down ...
2020-05-31 18:50:48,541 [SpringContextShutdownHook] INFO  [com.netflix.eureka.DefaultEurekaServerContext] DefaultEurekaServerContext.java:84 - Shut down
2020-05-31 18:50:48,544 [SpringContextShutdownHook] INFO  [o.s.scheduling.concurrent.ThreadPoolTaskExecutor] ExecutorConfigurationSupport.java:218 - Shutting down ExecutorService 'applicationTaskExecutor'
2020-05-31 18:50:48,546 [SpringContextShutdownHook] INFO  [com.netflix.discovery.DiscoveryClient] DiscoveryClient.java:909 - Shutting down DiscoveryClient ...
2020-05-31 18:50:48,547 [SpringContextShutdownHook] INFO  [com.netflix.discovery.DiscoveryClient] DiscoveryClient.java:934 - Completed shut down of DiscoveryClient
